<?xml version="1.0" encoding="UTF-8"?>
<!-- Generated by org.testng.reporters.JUnitXMLReporter -->
<testsuite ignored="0" hostname="Hameed" failures="0" tests="14" name="Test" time="565.605" errors="0" timestamp="2024-06-08T00:22:07 IST">
  <testcase classname="test_execution_package.TestExecution" name="ValidateCreateNewAccountFunction" time="15.237"/>
  <testcase classname="test_execution_package.TestExecution" name="ValidateCreateNewAccountFunction" time="13.282"/>
  <testcase classname="test_execution_package.TestExecution" name="ValidateCreateNewAccountFunction" time="13.491"/>
  <testcase classname="test_execution_package.TestExecution" name="ValidateCreateNewAccountFunctionMissingOneField" time="27.844"/>
  <testcase classname="test_execution_package.TestExecution" name="ValidateSignInFunction" time="12.71"/>
  <testcase classname="test_execution_package.TestExecution" name="ValidateSignInFunction" time="7.881"/>
  <testcase classname="test_execution_package.TestExecution" name="ValidateSignInFunction" time="13.396"/>
  <testcase classname="test_execution_package.TestExecution" name="ValidateSignInFunction" time="15.11"/>
  <testcase classname="test_execution_package.TestExecution" name="ValidateAllMenuAndFooterLinks" time="85.735"/>
  <testcase classname="test_execution_package.TestExecution" name="ValidateSearchAndAddItemToCart" time="40.608"/>
  <testcase classname="test_execution_package.TestExecution" name="validateSearchAndFilter" time="23.247"/>
  <testcase classname="test_execution_package.TestExecution" name="validateAddingItemfromMenu" time="51.366"/>
  <testcase classname="test_execution_package.TestExecution" name="validateAddingItemfromMenuViaBrand" time="64.3"/>
  <testcase classname="test_execution_package.TestExecution" name="validateAddingMultipleItemsTocartAndCheckout" time="125.819"/>
</testsuite> <!-- Test -->
