<?xml version="1.0" encoding="UTF-8"?>
<testng-results ignored="0" total="14" passed="14" failed="0" skipped="0">
  <reporter-output>
  </reporter-output>
  <suite started-at="2024-06-08T00:12:41 IST" name="Suite" finished-at="2024-06-08T00:22:07 IST" duration-ms="565605">
    <groups>
    </groups>
    <test started-at="2024-06-08T00:12:41 IST" name="Test" finished-at="2024-06-08T00:22:07 IST" duration-ms="565605">
      <class name="test_execution_package.TestExecution">
        <test-method is-config="true" signature="startUp()[pri:0, instance:test_execution_package.TestExecution@78fa769e]" started-at="2024-06-08T00:12:43 IST" name="startUp" finished-at="2024-06-08T00:12:47 IST" duration-ms="4526" status="PASS">
          <reporter-output>
          </reporter-output>
        </test-method> <!-- startUp -->
        <test-method signature="ValidateCreateNewAccountFunction(java.lang.String,java.lang.String,java.lang.String,java.lang.String,java.lang.String)[pri:1, instance:test_execution_package.TestExecution@78fa769e]" started-at="2024-06-08T00:12:47 IST" name="ValidateCreateNewAccountFunction" data-provider="SignUp function" finished-at="2024-06-08T00:13:02 IST" duration-ms="15237" status="PASS">
          <params>
            <param index="0">
              <value>
                <![CDATA[Hameed]]>
              </value>
            </param>
            <param index="1">
              <value>
                <![CDATA[Hussain]]>
              </value>
            </param>
            <param index="2">
              <value>
                <![CDATA[Hameed@gm.co]]>
              </value>
            </param>
            <param index="3">
              <value>
                <![CDATA[Hameed@gm.co]]>
              </value>
            </param>
            <param index="4">
              <value>
                <![CDATA[9.879879879E9]]>
              </value>
            </param>
          </params>
          <reporter-output>
          </reporter-output>
        </test-method> <!-- ValidateCreateNewAccountFunction -->
        <test-method is-config="true" signature="tearDown()[pri:0, instance:test_execution_package.TestExecution@78fa769e]" started-at="2024-06-08T00:13:02 IST" name="tearDown" finished-at="2024-06-08T00:13:03 IST" duration-ms="298" status="PASS">
          <reporter-output>
          </reporter-output>
        </test-method> <!-- tearDown -->
        <test-method is-config="true" signature="startUp()[pri:0, instance:test_execution_package.TestExecution@78fa769e]" started-at="2024-06-08T00:13:03 IST" name="startUp" finished-at="2024-06-08T00:13:20 IST" duration-ms="17824" status="PASS">
          <reporter-output>
          </reporter-output>
        </test-method> <!-- startUp -->
        <test-method signature="ValidateCreateNewAccountFunction(java.lang.String,java.lang.String,java.lang.String,java.lang.String,java.lang.String)[pri:1, instance:test_execution_package.TestExecution@78fa769e]" started-at="2024-06-08T00:13:20 IST" name="ValidateCreateNewAccountFunction" data-provider="SignUp function" finished-at="2024-06-08T00:13:34 IST" duration-ms="13282" status="PASS">
          <params>
            <param index="0">
              <value>
                <![CDATA[Guvi]]>
              </value>
            </param>
            <param index="1">
              <value>
                <![CDATA[Geek]]>
              </value>
            </param>
            <param index="2">
              <value>
                <![CDATA[Guvi@gm.co]]>
              </value>
            </param>
            <param index="3">
              <value>
                <![CDATA[Guvi@gm.co]]>
              </value>
            </param>
            <param index="4">
              <value>
                <![CDATA[6.546546546E9]]>
              </value>
            </param>
          </params>
          <reporter-output>
          </reporter-output>
        </test-method> <!-- ValidateCreateNewAccountFunction -->
        <test-method is-config="true" signature="tearDown()[pri:0, instance:test_execution_package.TestExecution@78fa769e]" started-at="2024-06-08T00:13:34 IST" name="tearDown" finished-at="2024-06-08T00:13:34 IST" duration-ms="214" status="PASS">
          <reporter-output>
          </reporter-output>
        </test-method> <!-- tearDown -->
        <test-method is-config="true" signature="startUp()[pri:0, instance:test_execution_package.TestExecution@78fa769e]" started-at="2024-06-08T00:13:34 IST" name="startUp" finished-at="2024-06-08T00:13:37 IST" duration-ms="3154" status="PASS">
          <reporter-output>
          </reporter-output>
        </test-method> <!-- startUp -->
        <test-method signature="ValidateCreateNewAccountFunction(java.lang.String,java.lang.String,java.lang.String,java.lang.String,java.lang.String)[pri:1, instance:test_execution_package.TestExecution@78fa769e]" started-at="2024-06-08T00:13:37 IST" name="ValidateCreateNewAccountFunction" data-provider="SignUp function" finished-at="2024-06-08T00:13:51 IST" duration-ms="13491" status="PASS">
          <params>
            <param index="0">
              <value>
                <![CDATA[Automation]]>
              </value>
            </param>
            <param index="1">
              <value>
                <![CDATA[Testing]]>
              </value>
            </param>
            <param index="2">
              <value>
                <![CDATA[Testing@gm.co]]>
              </value>
            </param>
            <param index="3">
              <value>
                <![CDATA[Testing@gm.co]]>
              </value>
            </param>
            <param index="4">
              <value>
                <![CDATA[3.213213213E9]]>
              </value>
            </param>
          </params>
          <reporter-output>
          </reporter-output>
        </test-method> <!-- ValidateCreateNewAccountFunction -->
        <test-method is-config="true" signature="tearDown()[pri:0, instance:test_execution_package.TestExecution@78fa769e]" started-at="2024-06-08T00:13:51 IST" name="tearDown" finished-at="2024-06-08T00:13:51 IST" duration-ms="172" status="PASS">
          <reporter-output>
          </reporter-output>
        </test-method> <!-- tearDown -->
        <test-method is-config="true" signature="startUp()[pri:0, instance:test_execution_package.TestExecution@78fa769e]" started-at="2024-06-08T00:13:51 IST" name="startUp" finished-at="2024-06-08T00:13:53 IST" duration-ms="2062" status="PASS">
          <reporter-output>
          </reporter-output>
        </test-method> <!-- startUp -->
        <test-method signature="ValidateCreateNewAccountFunctionMissingOneField(java.lang.String,java.lang.String,java.lang.String,java.lang.String,java.lang.String)[pri:2, instance:test_execution_package.TestExecution@78fa769e]" started-at="2024-06-08T00:13:53 IST" name="ValidateCreateNewAccountFunctionMissingOneField" data-provider="SignUp function 2" finished-at="2024-06-08T00:14:21 IST" duration-ms="27844" status="PASS">
          <params>
            <param index="0">
              <value>
                <![CDATA[Hameed]]>
              </value>
            </param>
            <param index="1">
              <value>
                <![CDATA[Hussain]]>
              </value>
            </param>
            <param index="2">
              <value>
                <![CDATA[Hameed@gm.co]]>
              </value>
            </param>
            <param index="3">
              <value>
                <![CDATA[Hameed@gm.co]]>
              </value>
            </param>
            <param index="4">
              <value>
                <![CDATA[9.879879879E9]]>
              </value>
            </param>
          </params>
          <reporter-output>
          </reporter-output>
        </test-method> <!-- ValidateCreateNewAccountFunctionMissingOneField -->
        <test-method is-config="true" signature="tearDown()[pri:0, instance:test_execution_package.TestExecution@78fa769e]" started-at="2024-06-08T00:14:21 IST" name="tearDown" finished-at="2024-06-08T00:14:21 IST" duration-ms="188" status="PASS">
          <reporter-output>
          </reporter-output>
        </test-method> <!-- tearDown -->
        <test-method is-config="true" signature="startUp()[pri:0, instance:test_execution_package.TestExecution@78fa769e]" started-at="2024-06-08T00:14:21 IST" name="startUp" finished-at="2024-06-08T00:14:24 IST" duration-ms="2180" status="PASS">
          <reporter-output>
          </reporter-output>
        </test-method> <!-- startUp -->
        <test-method signature="ValidateSignInFunction(java.lang.String,java.lang.String,java.lang.String)[pri:3, instance:test_execution_package.TestExecution@78fa769e]" started-at="2024-06-08T00:14:24 IST" name="ValidateSignInFunction" data-provider="SignIn function" finished-at="2024-06-08T00:14:36 IST" duration-ms="12710" status="PASS">
          <params>
            <param index="0">
              <value>
                <![CDATA[Validating with Valid UserName and Valid Password]]>
              </value>
            </param>
            <param index="1">
              <value>
                <![CDATA[Hameed@gm.co]]>
              </value>
            </param>
            <param index="2">
              <value>
                <![CDATA[hameed@gm.co]]>
              </value>
            </param>
          </params>
          <reporter-output>
          </reporter-output>
        </test-method> <!-- ValidateSignInFunction -->
        <test-method is-config="true" signature="tearDown()[pri:0, instance:test_execution_package.TestExecution@78fa769e]" started-at="2024-06-08T00:14:36 IST" name="tearDown" finished-at="2024-06-08T00:14:37 IST" duration-ms="192" status="PASS">
          <reporter-output>
          </reporter-output>
        </test-method> <!-- tearDown -->
        <test-method is-config="true" signature="startUp()[pri:0, instance:test_execution_package.TestExecution@78fa769e]" started-at="2024-06-08T00:14:37 IST" name="startUp" finished-at="2024-06-08T00:14:39 IST" duration-ms="2025" status="PASS">
          <reporter-output>
          </reporter-output>
        </test-method> <!-- startUp -->
        <test-method signature="ValidateSignInFunction(java.lang.String,java.lang.String,java.lang.String)[pri:3, instance:test_execution_package.TestExecution@78fa769e]" started-at="2024-06-08T00:14:39 IST" name="ValidateSignInFunction" data-provider="SignIn function" finished-at="2024-06-08T00:14:46 IST" duration-ms="7881" status="PASS">
          <params>
            <param index="0">
              <value>
                <![CDATA[Validating with Valid UserName and InValid Password]]>
              </value>
            </param>
            <param index="1">
              <value>
                <![CDATA[Hameed@gm.co]]>
              </value>
            </param>
            <param index="2">
              <value>
                <![CDATA[hameedgm.co]]>
              </value>
            </param>
          </params>
          <reporter-output>
          </reporter-output>
        </test-method> <!-- ValidateSignInFunction -->
        <test-method is-config="true" signature="tearDown()[pri:0, instance:test_execution_package.TestExecution@78fa769e]" started-at="2024-06-08T00:14:46 IST" name="tearDown" finished-at="2024-06-08T00:14:47 IST" duration-ms="223" status="PASS">
          <reporter-output>
          </reporter-output>
        </test-method> <!-- tearDown -->
        <test-method is-config="true" signature="startUp()[pri:0, instance:test_execution_package.TestExecution@78fa769e]" started-at="2024-06-08T00:14:47 IST" name="startUp" finished-at="2024-06-08T00:14:49 IST" duration-ms="2025" status="PASS">
          <reporter-output>
          </reporter-output>
        </test-method> <!-- startUp -->
        <test-method signature="ValidateSignInFunction(java.lang.String,java.lang.String,java.lang.String)[pri:3, instance:test_execution_package.TestExecution@78fa769e]" started-at="2024-06-08T00:14:49 IST" name="ValidateSignInFunction" data-provider="SignIn function" finished-at="2024-06-08T00:15:02 IST" duration-ms="13396" status="PASS">
          <params>
            <param index="0">
              <value>
                <![CDATA[Validating with InValid UserName and Valid Password]]>
              </value>
            </param>
            <param index="1">
              <value>
                <![CDATA[Hamd@gm.co]]>
              </value>
            </param>
            <param index="2">
              <value>
                <![CDATA[hameed@gm.co]]>
              </value>
            </param>
          </params>
          <reporter-output>
          </reporter-output>
        </test-method> <!-- ValidateSignInFunction -->
        <test-method is-config="true" signature="tearDown()[pri:0, instance:test_execution_package.TestExecution@78fa769e]" started-at="2024-06-08T00:15:02 IST" name="tearDown" finished-at="2024-06-08T00:15:02 IST" duration-ms="158" status="PASS">
          <reporter-output>
          </reporter-output>
        </test-method> <!-- tearDown -->
        <test-method is-config="true" signature="startUp()[pri:0, instance:test_execution_package.TestExecution@78fa769e]" started-at="2024-06-08T00:15:02 IST" name="startUp" finished-at="2024-06-08T00:15:04 IST" duration-ms="2086" status="PASS">
          <reporter-output>
          </reporter-output>
        </test-method> <!-- startUp -->
        <test-method signature="ValidateSignInFunction(java.lang.String,java.lang.String,java.lang.String)[pri:3, instance:test_execution_package.TestExecution@78fa769e]" started-at="2024-06-08T00:15:04 IST" name="ValidateSignInFunction" data-provider="SignIn function" finished-at="2024-06-08T00:15:19 IST" duration-ms="15110" status="PASS">
          <params>
            <param index="0">
              <value>
                <![CDATA[Validating with InValid UserName and InValid Password]]>
              </value>
            </param>
            <param index="1">
              <value>
                <![CDATA[Haed@gm.co]]>
              </value>
            </param>
            <param index="2">
              <value>
                <![CDATA[hameed@gm.c]]>
              </value>
            </param>
          </params>
          <reporter-output>
          </reporter-output>
        </test-method> <!-- ValidateSignInFunction -->
        <test-method is-config="true" signature="tearDown()[pri:0, instance:test_execution_package.TestExecution@78fa769e]" started-at="2024-06-08T00:15:19 IST" name="tearDown" finished-at="2024-06-08T00:15:20 IST" duration-ms="159" status="PASS">
          <reporter-output>
          </reporter-output>
        </test-method> <!-- tearDown -->
        <test-method is-config="true" signature="startUp()[pri:0, instance:test_execution_package.TestExecution@78fa769e]" started-at="2024-06-08T00:15:20 IST" name="startUp" finished-at="2024-06-08T00:15:22 IST" duration-ms="2421" status="PASS">
          <reporter-output>
          </reporter-output>
        </test-method> <!-- startUp -->
        <test-method signature="ValidateAllMenuAndFooterLinks()[pri:4, instance:test_execution_package.TestExecution@78fa769e]" started-at="2024-06-08T00:15:22 IST" name="ValidateAllMenuAndFooterLinks" finished-at="2024-06-08T00:16:48 IST" duration-ms="85735" status="PASS">
          <reporter-output>
          </reporter-output>
        </test-method> <!-- ValidateAllMenuAndFooterLinks -->
        <test-method is-config="true" signature="tearDown()[pri:0, instance:test_execution_package.TestExecution@78fa769e]" started-at="2024-06-08T00:16:48 IST" name="tearDown" finished-at="2024-06-08T00:16:48 IST" duration-ms="198" status="PASS">
          <reporter-output>
          </reporter-output>
        </test-method> <!-- tearDown -->
        <test-method is-config="true" signature="startUp()[pri:0, instance:test_execution_package.TestExecution@78fa769e]" started-at="2024-06-08T00:16:48 IST" name="startUp" finished-at="2024-06-08T00:16:50 IST" duration-ms="2112" status="PASS">
          <reporter-output>
          </reporter-output>
        </test-method> <!-- startUp -->
        <test-method signature="ValidateSearchAndAddItemToCart(java.lang.String,java.lang.String)[pri:5, instance:test_execution_package.TestExecution@78fa769e]" started-at="2024-06-08T00:16:50 IST" name="ValidateSearchAndAddItemToCart" finished-at="2024-06-08T00:17:31 IST" duration-ms="40608" status="PASS">
          <params>
            <param index="0">
              <value>
                <![CDATA[testingme@gmail.com]]>
              </value>
            </param>
            <param index="1">
              <value>
                <![CDATA[9677160111]]>
              </value>
            </param>
          </params>
          <reporter-output>
          </reporter-output>
        </test-method> <!-- ValidateSearchAndAddItemToCart -->
        <test-method is-config="true" signature="tearDown()[pri:0, instance:test_execution_package.TestExecution@78fa769e]" started-at="2024-06-08T00:17:31 IST" name="tearDown" finished-at="2024-06-08T00:17:31 IST" duration-ms="230" status="PASS">
          <reporter-output>
          </reporter-output>
        </test-method> <!-- tearDown -->
        <test-method is-config="true" signature="startUp()[pri:0, instance:test_execution_package.TestExecution@78fa769e]" started-at="2024-06-08T00:17:31 IST" name="startUp" finished-at="2024-06-08T00:17:33 IST" duration-ms="2220" status="PASS">
          <reporter-output>
          </reporter-output>
        </test-method> <!-- startUp -->
        <test-method signature="validateSearchAndFilter()[pri:6, instance:test_execution_package.TestExecution@78fa769e]" started-at="2024-06-08T00:17:33 IST" name="validateSearchAndFilter" finished-at="2024-06-08T00:17:56 IST" duration-ms="23247" status="PASS">
          <reporter-output>
          </reporter-output>
        </test-method> <!-- validateSearchAndFilter -->
        <test-method is-config="true" signature="tearDown()[pri:0, instance:test_execution_package.TestExecution@78fa769e]" started-at="2024-06-08T00:17:56 IST" name="tearDown" finished-at="2024-06-08T00:17:57 IST" duration-ms="166" status="PASS">
          <reporter-output>
          </reporter-output>
        </test-method> <!-- tearDown -->
        <test-method is-config="true" signature="startUp()[pri:0, instance:test_execution_package.TestExecution@78fa769e]" started-at="2024-06-08T00:17:57 IST" name="startUp" finished-at="2024-06-08T00:17:59 IST" duration-ms="2171" status="PASS">
          <reporter-output>
          </reporter-output>
        </test-method> <!-- startUp -->
        <test-method signature="validateAddingItemfromMenu()[pri:7, instance:test_execution_package.TestExecution@78fa769e]" started-at="2024-06-08T00:17:59 IST" name="validateAddingItemfromMenu" finished-at="2024-06-08T00:18:50 IST" duration-ms="51366" status="PASS">
          <reporter-output>
          </reporter-output>
        </test-method> <!-- validateAddingItemfromMenu -->
        <test-method is-config="true" signature="tearDown()[pri:0, instance:test_execution_package.TestExecution@78fa769e]" started-at="2024-06-08T00:18:50 IST" name="tearDown" finished-at="2024-06-08T00:18:50 IST" duration-ms="243" status="PASS">
          <reporter-output>
          </reporter-output>
        </test-method> <!-- tearDown -->
        <test-method is-config="true" signature="startUp()[pri:0, instance:test_execution_package.TestExecution@78fa769e]" started-at="2024-06-08T00:18:50 IST" name="startUp" finished-at="2024-06-08T00:18:53 IST" duration-ms="2301" status="PASS">
          <reporter-output>
          </reporter-output>
        </test-method> <!-- startUp -->
        <test-method signature="validateAddingItemfromMenuViaBrand()[pri:8, instance:test_execution_package.TestExecution@78fa769e]" started-at="2024-06-08T00:18:53 IST" name="validateAddingItemfromMenuViaBrand" finished-at="2024-06-08T00:19:57 IST" duration-ms="64300" status="PASS">
          <reporter-output>
          </reporter-output>
        </test-method> <!-- validateAddingItemfromMenuViaBrand -->
        <test-method is-config="true" signature="tearDown()[pri:0, instance:test_execution_package.TestExecution@78fa769e]" started-at="2024-06-08T00:19:57 IST" name="tearDown" finished-at="2024-06-08T00:19:57 IST" duration-ms="214" status="PASS">
          <reporter-output>
          </reporter-output>
        </test-method> <!-- tearDown -->
        <test-method is-config="true" signature="startUp()[pri:0, instance:test_execution_package.TestExecution@78fa769e]" started-at="2024-06-08T00:19:57 IST" name="startUp" finished-at="2024-06-08T00:20:01 IST" duration-ms="3083" status="PASS">
          <reporter-output>
          </reporter-output>
        </test-method> <!-- startUp -->
        <test-method signature="validateAddingMultipleItemsTocartAndCheckout(java.lang.String,java.lang.String,java.lang.String,java.lang.String,java.lang.String,java.lang.String,java.lang.String,java.lang.String,java.lang.String,java.lang.String)[pri:9, instance:test_execution_package.TestExecution@78fa769e]" started-at="2024-06-08T00:20:01 IST" name="validateAddingMultipleItemsTocartAndCheckout" data-provider="Delivery Details" finished-at="2024-06-08T00:22:06 IST" duration-ms="125819" status="PASS">
          <params>
            <param index="0">
              <value>
                <![CDATA[Hameed]]>
              </value>
            </param>
            <param index="1">
              <value>
                <![CDATA[Hussain]]>
              </value>
            </param>
            <param index="2">
              <value>
                <![CDATA[1342 Lakeside Dr Redding, California(CA), 96001]]>
              </value>
            </param>
            <param index="3">
              <value>
                <![CDATA[California]]>
              </value>
            </param>
            <param index="4">
              <value>
                <![CDATA[CA]]>
              </value>
            </param>
            <param index="5">
              <value>
                <![CDATA[96001.0]]>
              </value>
            </param>
            <param index="6">
              <value>
                <![CDATA[6.0110009913E15]]>
              </value>
            </param>
            <param index="7">
              <value>
                <![CDATA[6.0]]>
              </value>
            </param>
            <param index="8">
              <value>
                <![CDATA[2030.0]]>
              </value>
            </param>
            <param index="9">
              <value>
                <![CDATA[636.0]]>
              </value>
            </param>
          </params>
          <reporter-output>
          </reporter-output>
        </test-method> <!-- validateAddingMultipleItemsTocartAndCheckout -->
        <test-method is-config="true" signature="tearDown()[pri:0, instance:test_execution_package.TestExecution@78fa769e]" started-at="2024-06-08T00:22:06 IST" name="tearDown" finished-at="2024-06-08T00:22:07 IST" duration-ms="186" status="PASS">
          <reporter-output>
          </reporter-output>
        </test-method> <!-- tearDown -->
      </class> <!-- test_execution_package.TestExecution -->
    </test> <!-- Test -->
  </suite> <!-- Suite -->
</testng-results>
