<?xml version="1.0" encoding="UTF-8"?>
<testng-results ignored="0" total="1" passed="1" failed="0" skipped="0">
  <reporter-output>
  </reporter-output>
  <suite started-at="2024-06-08T09:37:52 IST" name="Suite" finished-at="2024-06-08T09:38:33 IST" duration-ms="40300">
    <groups>
    </groups>
    <test started-at="2024-06-08T09:37:52 IST" name="Test" finished-at="2024-06-08T09:38:33 IST" duration-ms="40300">
      <class name="test_execution_package.TestExecution">
        <test-method is-config="true" signature="startUp()[pri:0, instance:test_execution_package.TestExecution@22f59fa]" started-at="2024-06-08T09:37:52 IST" name="startUp" finished-at="2024-06-08T09:37:56 IST" duration-ms="3807" status="PASS">
          <reporter-output>
          </reporter-output>
        </test-method> <!-- startUp -->
        <test-method signature="validateAddingItemfromMenuViaBrand()[pri:8, instance:test_execution_package.TestExecution@22f59fa]" started-at="2024-06-08T09:37:56 IST" name="validateAddingItemfromMenuViaBrand" finished-at="2024-06-08T09:38:32 IST" duration-ms="36127" status="PASS">
          <reporter-output>
          </reporter-output>
        </test-method> <!-- validateAddingItemfromMenuViaBrand -->
        <test-method is-config="true" signature="tearDown()[pri:0, instance:test_execution_package.TestExecution@22f59fa]" started-at="2024-06-08T09:38:32 IST" name="tearDown" finished-at="2024-06-08T09:38:33 IST" duration-ms="295" status="PASS">
          <reporter-output>
          </reporter-output>
        </test-method> <!-- tearDown -->
      </class> <!-- test_execution_package.TestExecution -->
    </test> <!-- Test -->
  </suite> <!-- Suite -->
</testng-results>
